0 info it worked if it ends with ok
1 verbose cli [ 'C:\\Program Files\\nodejs\\\\node.exe',
1 verbose cli   'C:\\Program Files\\nodejs\\node_modules\\npm\\bin\\npm-cli.js',
1 verbose cli   'install',
1 verbose cli   'lincell' ]
2 info using npm@1.4.28
3 info using node@v0.10.32
4 verbose node symlink C:\Program Files\nodejs\\node.exe
5 verbose readDependencies using package.json deps
6 verbose cache add [ 'lincell', null ]
7 verbose cache add name=undefined spec="lincell" args=["lincell",null]
8 verbose parsed url { protocol: null,
8 verbose parsed url   slashes: null,
8 verbose parsed url   auth: null,
8 verbose parsed url   host: null,
8 verbose parsed url   port: null,
8 verbose parsed url   hostname: null,
8 verbose parsed url   hash: null,
8 verbose parsed url   search: null,
8 verbose parsed url   query: null,
8 verbose parsed url   pathname: 'lincell',
8 verbose parsed url   path: 'lincell',
8 verbose parsed url   href: 'lincell' }
9 silly lockFile 48038b18-lincell lincell
10 verbose lock lincell C:\Users\CW\AppData\Roaming\npm-cache\48038b18-lincell.lock
11 silly lockFile 48038b18-lincell lincell
12 silly lockFile 48038b18-lincell lincell
13 verbose addNamed [ 'lincell', '' ]
14 verbose addNamed [ null, '*' ]
15 silly lockFile 4ed10fa0-lincell lincell@
16 verbose lock lincell@ C:\Users\CW\AppData\Roaming\npm-cache\4ed10fa0-lincell.lock
17 silly addNameRange { name: 'lincell', range: '*', hasData: false }
18 verbose request where is /lincell
19 verbose request registry https://registry.npmjs.org/
20 verbose request id c12e0c10fc0830a1
21 verbose url raw /lincell
22 verbose url resolving [ 'https://registry.npmjs.org/', './lincell' ]
23 verbose url resolved https://registry.npmjs.org/lincell
24 verbose request where is https://registry.npmjs.org/lincell
25 info trying registry request attempt 1 at 07:25:34
26 http GET https://registry.npmjs.org/lincell
27 http 200 https://registry.npmjs.org/lincell
28 silly registry.get cb [ 200,
28 silly registry.get   { date: 'Sun, 19 Oct 2014 23:25:38 GMT',
28 silly registry.get     server: 'CouchDB/1.5.0 (Erlang OTP/R16B03)',
28 silly registry.get     etag: '"5W9SKX6VSAZMM0WBQBDX2UHCT"',
28 silly registry.get     'content-type': 'application/json',
28 silly registry.get     'cache-control': 'max-age=60',
28 silly registry.get     'content-length': '13489',
28 silly registry.get     'accept-ranges': 'bytes',
28 silly registry.get     via: '1.1 varnish',
28 silly registry.get     age: '0',
28 silly registry.get     'x-served-by': 'cache-ty66-TYO',
28 silly registry.get     'x-cache': 'MISS',
28 silly registry.get     'x-cache-hits': '0',
28 silly registry.get     'x-timer': 'S1413761137.647566,VS0,VE586',
28 silly registry.get     vary: 'Accept',
28 silly registry.get     'keep-alive': 'timeout=10, max=50',
28 silly registry.get     connection: 'Keep-Alive' } ]
29 silly addNameRange number 2 { name: 'lincell', range: '*', hasData: true }
30 silly addNameRange versions [ 'lincell',
30 silly addNameRange   [ '0.0.1',
30 silly addNameRange     '0.0.3',
30 silly addNameRange     '0.0.4',
30 silly addNameRange     '0.0.5',
30 silly addNameRange     '0.0.6',
30 silly addNameRange     '0.1.0',
30 silly addNameRange     '0.1.1',
30 silly addNameRange     '0.1.2',
30 silly addNameRange     '0.1.3',
30 silly addNameRange     '0.1.4',
30 silly addNameRange     '0.1.5' ] ]
31 verbose addNamed [ 'lincell', '0.1.5' ]
32 verbose addNamed [ '0.1.5', '0.1.5' ]
33 silly lockFile 5d14632a-lincell-0-1-5 lincell@0.1.5
34 verbose lock lincell@0.1.5 C:\Users\CW\AppData\Roaming\npm-cache\5d14632a-lincell-0-1-5.lock
35 silly lockFile d562ae8f-js-org-lincell-lincell-0-1-5-tgz https://registry.npmjs.org/lincell/-/lincell-0.1.5.tgz
36 verbose lock https://registry.npmjs.org/lincell/-/lincell-0.1.5.tgz C:\Users\CW\AppData\Roaming\npm-cache\d562ae8f-js-org-lincell-lincell-0-1-5-tgz.lock
37 verbose addRemoteTarball [ 'https://registry.npmjs.org/lincell/-/lincell-0.1.5.tgz',
37 verbose addRemoteTarball   '585869c859da26b83e9520c521aa7b439739b503' ]
38 info retry fetch attempt 1 at 07:25:36
39 verbose fetch to= C:\Users\CW\AppData\Local\Temp\npm-1260-T0rg4BK-\registry.npmjs.org\lincell\-\lincell-0.1.5.tgz
40 http GET https://registry.npmjs.org/lincell/-/lincell-0.1.5.tgz
41 http 200 https://registry.npmjs.org/lincell/-/lincell-0.1.5.tgz
42 silly lockFile d562ae8f-js-org-lincell-lincell-0-1-5-tgz https://registry.npmjs.org/lincell/-/lincell-0.1.5.tgz
43 silly lockFile d562ae8f-js-org-lincell-lincell-0-1-5-tgz https://registry.npmjs.org/lincell/-/lincell-0.1.5.tgz
44 silly lockFile 5d14632a-lincell-0-1-5 lincell@0.1.5
45 silly lockFile 5d14632a-lincell-0-1-5 lincell@0.1.5
46 silly lockFile 4ed10fa0-lincell lincell@
47 silly lockFile 4ed10fa0-lincell lincell@
48 error Error: shasum check failed for C:\Users\CW\AppData\Local\Temp\npm-1260-T0rg4BK-\registry.npmjs.org\lincell\-\lincell-0.1.5.tgz
48 error Expected: 585869c859da26b83e9520c521aa7b439739b503
48 error Actual:   42ffa82d82ecd98340847fa37825b7c64490bfdc
48 error From:     https://registry.npmjs.org/lincell/-/lincell-0.1.5.tgz
48 error     at C:\Program Files\nodejs\node_modules\npm\node_modules\sha\index.js:38:8
48 error     at ReadStream.<anonymous> (C:\Program Files\nodejs\node_modules\npm\node_modules\sha\index.js:85:7)
48 error     at ReadStream.emit (events.js:117:20)
48 error     at _stream_readable.js:943:16
48 error     at process._tickCallback (node.js:419:13)
49 error If you need help, you may report this *entire* log,
49 error including the npm and node versions, at:
49 error     <http://github.com/npm/npm/issues>
50 error System Windows_NT 6.1.7600
51 error command "C:\\Program Files\\nodejs\\\\node.exe" "C:\\Program Files\\nodejs\\node_modules\\npm\\bin\\npm-cli.js" "install" "lincell"
52 error cwd D:\SE\git\nodejs
53 error node -v v0.10.32
54 error npm -v 1.4.28
55 verbose exit [ 1, true ]
